<?xml version="1.0" encoding="UTF-8"?>
<testsuite name="TicTacToeTest" tests="1" skipped="0" failures="0" errors="0" timestamp="2022-06-29T15:57:09" hostname="Nikitas-MacBook-Air.local" time="0.075">
  <properties/>
  <testcase name="start" classname="TicTacToeTest" time="0.075"/>
  <system-out><![CDATA[?[1;31m
Start test 1?[0m
X O X
O X O
X X O
]]></system-out>
  <system-err><![CDATA[]]></system-err>
</testsuite>
